Determining if the pthread_create exist failed with the following output:
Change Dir: /capstone/ros/build/CMakeFiles/CMakeTmp

Run Build Command:"/usr/bin/make" "cmTC_76e15/fast"
make: Warning: File 'Makefile' has modification time 3.2 s in the future
/usr/bin/make -f CMakeFiles/cmTC_76e15.dir/build.make CMakeFiles/cmTC_76e15.dir/build
make[1]: Entering directory '/capstone/ros/build/CMakeFiles/CMakeTmp'
make[1]: Warning: File 'CMakeFiles/cmTC_76e15.dir/flags.make' has modification time 3.2 s in the future
Building C object CMakeFiles/cmTC_76e15.dir/CheckSymbolExists.c.o
/usr/bin/cc     -o CMakeFiles/cmTC_76e15.dir/CheckSymbolExists.c.o   -c /capstone/ros/build/CMakeFiles/CMakeTmp/CheckSymbolExists.c
Linking C executable cmTC_76e15
/usr/bin/cmake -E cmake_link_script CMakeFiles/cmTC_76e15.dir/link.txt --verbose=1
/usr/bin/cc       CMakeFiles/cmTC_76e15.dir/CheckSymbolExists.c.o  -o cmTC_76e15 -rdynamic 
CMakeFiles/cmTC_76e15.dir/CheckSymbolExists.c.o: In function `main':
CheckSymbolExists.c:(.text+0x16): undefined reference to `pthread_create'
collect2: error: ld returned 1 exit status
CMakeFiles/cmTC_76e15.dir/build.make:97: recipe for target 'cmTC_76e15' failed
make[1]: *** [cmTC_76e15] Error 1
make[1]: Leaving directory '/capstone/ros/build/CMakeFiles/CMakeTmp'
Makefile:126: recipe for target 'cmTC_76e15/fast' failed
make: *** [cmTC_76e15/fast] Error 2

File /capstone/ros/build/CMakeFiles/CMakeTmp/CheckSymbolExists.c:
/* */
#include <pthread.h>

int main(int argc, char** argv)
{
  (void)argv;
#ifndef pthread_create
  return ((int*)(&pthread_create))[argc];
#else
  (void)argc;
  return 0;
#endif
}

Determining if the function pthread_create exists in the pthreads failed with the following output:
Change Dir: /capstone/ros/build/CMakeFiles/CMakeTmp

Run Build Command:"/usr/bin/make" "cmTC_6662f/fast"
make: Warning: File 'Makefile' has modification time 3.2 s in the future
/usr/bin/make -f CMakeFiles/cmTC_6662f.dir/build.make CMakeFiles/cmTC_6662f.dir/build
make[1]: Entering directory '/capstone/ros/build/CMakeFiles/CMakeTmp'
make[1]: Warning: File 'CMakeFiles/cmTC_6662f.dir/flags.make' has modification time 3.2 s in the future
Building C object CMakeFiles/cmTC_6662f.dir/CheckFunctionExists.c.o
/usr/bin/cc    -DCHECK_FUNCTION_EXISTS=pthread_create   -o CMakeFiles/cmTC_6662f.dir/CheckFunctionExists.c.o   -c /usr/share/cmake-3.5/Modules/CheckFunctionExists.c
Linking C executable cmTC_6662f
/usr/bin/cmake -E cmake_link_script CMakeFiles/cmTC_6662f.dir/link.txt --verbose=1
/usr/bin/cc   -DCHECK_FUNCTION_EXISTS=pthread_create    CMakeFiles/cmTC_6662f.dir/CheckFunctionExists.c.o  -o cmTC_6662f -rdynamic -lpthreads 
/usr/bin/ld: cannot find -lpthreads
collect2: error: ld returned 1 exit status
CMakeFiles/cmTC_6662f.dir/build.make:97: recipe for target 'cmTC_6662f' failed
make[1]: *** [cmTC_6662f] Error 1
make[1]: Leaving directory '/capstone/ros/build/CMakeFiles/CMakeTmp'
Makefile:126: recipe for target 'cmTC_6662f/fast' failed
make: *** [cmTC_6662f/fast] Error 2


